[
  {
    "Plan": {
      "Node Type": "Append",
      "Parallel Aware": false,
      "Startup Cost": 1044052.29,
      "Total Cost": 5308738.66,
      "Plan Rows": 13885003,
      "Plan Width": 32,
      "Actual Startup Time": 0.001,
      "Actual Total Time": 4306.065,
      "Actual Rows": 48343,
      "Actual Loops": 1,
      "Shared Hit Blocks": 572648,
      "Shared Read Blocks": 1655,
      "Shared Dirtied Blocks": 0,
      "Shared Written Blocks": 0,
      "Local Hit Blocks": 0,
      "Local Read Blocks": 0,
      "Local Dirtied Blocks": 0,
      "Local Written Blocks": 0,
      "Temp Read Blocks": 0,
      "Temp Written Blocks": 0,
      "Plans": [
        {
          "Node Type": "Result",
          "Parent Relationship": "InitPlan",
          "Subplan Name": "CTE params",
          "Parallel Aware": false,
          "Startup Cost": 0.00,
          "Total Cost": 0.01,
          "Plan Rows": 1,
          "Plan Width": 32,
          "Actual Startup Time": 0.000,
          "Actual Total Time": 0.000,
          "Actual Rows": 1,
          "Actual Loops": 1,
          "Output": ["'27.6164960861206'::double precision", "'53.853792295637'::double precision", "'27.6719856262207'::double precision", "'53.8864592938131'::double precision"],
          "Shared Hit Blocks": 0,
          "Shared Read Blocks": 0,
          "Shared Dirtied Blocks": 0,
          "Shared Written Blocks": 0,
          "Local Hit Blocks": 0,
          "Local Read Blocks": 0,
          "Local Dirtied Blocks": 0,
          "Local Written Blocks": 0,
          "Temp Read Blocks": 0,
          "Temp Written Blocks": 0
        },
        {
          "Node Type": "CTE Scan",
          "Parent Relationship": "InitPlan",
          "Subplan Name": "CTE direct_nodes",
          "Parallel Aware": false,
          "CTE Name": "params",
          "Alias": "params",
          "Startup Cost": 0.00,
          "Total Cost": 5.27,
          "Plan Rows": 1000,
          "Plan Width": 32,
          "Actual Startup Time": 377.198,
          "Actual Total Time": 419.343,
          "Actual Rows": 37274,
          "Actual Loops": 1,
          "Output": ["get_nodes_by_box(params.minlon, params.minlat, params.maxlon, params.maxlat)"],
          "Shared Hit Blocks": 231144,
          "Shared Read Blocks": 0,
          "Shared Dirtied Blocks": 0,
          "Shared Written Blocks": 0,
          "Local Hit Blocks": 0,
          "Local Read Blocks": 0,
          "Local Dirtied Blocks": 0,
          "Local Written Blocks": 0,
          "Temp Read Blocks": 0,
          "Temp Written Blocks": 0
        },
        {
          "Node Type": "Unique",
          "Parent Relationship": "InitPlan",
          "Subplan Name": "CTE all_request_ways",
          "Parallel Aware": false,
          "Startup Cost": 9126.68,
          "Total Cost": 9135.21,
          "Plan Rows": 1706,
          "Plan Width": 8,
          "Actual Startup Time": 556.314,
          "Actual Total Time": 567.281,
          "Actual Rows": 7725,
          "Actual Loops": 1,
          "Output": ["c.way_id"],
          "Shared Hit Blocks": 385718,
          "Shared Read Blocks": 0,
          "Shared Dirtied Blocks": 0,
          "Shared Written Blocks": 0,
          "Local Hit Blocks": 0,
          "Local Read Blocks": 0,
          "Local Dirtied Blocks": 0,
          "Local Written Blocks": 0,
          "Temp Read Blocks": 0,
          "Temp Written Blocks": 0,
          "Plans": [
            {
              "Node Type": "Sort",
              "Parent Relationship": "Outer",
              "Parallel Aware": false,
              "Startup Cost": 9126.68,
              "Total Cost": 9130.95,
              "Plan Rows": 1706,
              "Plan Width": 8,
              "Actual Startup Time": 556.313,
              "Actual Total Time": 562.191,
              "Actual Rows": 48344,
              "Actual Loops": 1,
              "Output": ["c.way_id"],
              "Sort Key": ["c.way_id"],
              "Sort Method": "quicksort",
              "Sort Space Used": 3803,
              "Sort Space Type": "Memory",
              "Shared Hit Blocks": 385718,
              "Shared Read Blocks": 0,
              "Shared Dirtied Blocks": 0,
              "Shared Written Blocks": 0,
              "Local Hit Blocks": 0,
              "Local Read Blocks": 0,
              "Local Dirtied Blocks": 0,
              "Local Written Blocks": 0,
              "Temp Read Blocks": 0,
              "Temp Written Blocks": 0,
              "Plans": [
                {
                  "Node Type": "Nested Loop",
                  "Parent Relationship": "Outer",
                  "Parallel Aware": false,
                  "Join Type": "Inner",
                  "Startup Cost": 0.42,
                  "Total Cost": 9035.10,
                  "Plan Rows": 1706,
                  "Plan Width": 8,
                  "Actual Startup Time": 377.217,
                  "Actual Total Time": 541.248,
                  "Actual Rows": 48344,
                  "Actual Loops": 1,
                  "Output": ["c.way_id"],
                  "Shared Hit Blocks": 385718,
                  "Shared Read Blocks": 0,
                  "Shared Dirtied Blocks": 0,
                  "Shared Written Blocks": 0,
                  "Local Hit Blocks": 0,
                  "Local Read Blocks": 0,
                  "Local Dirtied Blocks": 0,
                  "Local Written Blocks": 0,
                  "Temp Read Blocks": 0,
                  "Temp Written Blocks": 0,
                  "Plans": [
                    {
                      "Node Type": "CTE Scan",
                      "Parent Relationship": "Outer",
                      "Parallel Aware": false,
                      "CTE Name": "direct_nodes",
                      "Alias": "n_1",
                      "Startup Cost": 0.00,
                      "Total Cost": 20.00,
                      "Plan Rows": 1000,
                      "Plan Width": 32,
                      "Actual Startup Time": 377.200,
                      "Actual Total Time": 432.826,
                      "Actual Rows": 37274,
                      "Actual Loops": 1,
                      "Output": ["n_1.node"],
                      "Shared Hit Blocks": 231144,
                      "Shared Read Blocks": 0,
                      "Shared Dirtied Blocks": 0,
                      "Shared Written Blocks": 0,
                      "Local Hit Blocks": 0,
                      "Local Read Blocks": 0,
                      "Local Dirtied Blocks": 0,
                      "Local Written Blocks": 0,
                      "Temp Read Blocks": 0,
                      "Temp Written Blocks": 0
                    },
                    {
                      "Node Type": "Index Scan",
                      "Parent Relationship": "Inner",
                      "Parallel Aware": false,
                      "Scan Direction": "Forward",
                      "Index Name": "current_way_nodes_node_idx",
                      "Relation Name": "current_way_nodes",
                      "Schema": "public",
                      "Alias": "c",
                      "Startup Cost": 0.42,
                      "Total Cost": 9.00,
                      "Plan Rows": 2,
                      "Plan Width": 16,
                      "Actual Startup Time": 0.002,
                      "Actual Total Time": 0.002,
                      "Actual Rows": 1,
                      "Actual Loops": 37274,
                      "Output": ["c.way_id", "c.node_id", "c.sequence_id"],
                      "Index Cond": "(c.node_id = (n_1.node).id)",
                      "Rows Removed by Index Recheck": 0,
                      "Shared Hit Blocks": 154574,
                      "Shared Read Blocks": 0,
                      "Shared Dirtied Blocks": 0,
                      "Shared Written Blocks": 0,
                      "Local Hit Blocks": 0,
                      "Local Read Blocks": 0,
                      "Local Dirtied Blocks": 0,
                      "Local Written Blocks": 0,
                      "Temp Read Blocks": 0,
                      "Temp Written Blocks": 0
                    }
                  ]
                }
              ]
            }
          ]
        },
        {
          "Node Type": "Append",
          "Parent Relationship": "InitPlan",
          "Subplan Name": "CTE all_request_nodes",
          "Parallel Aware": false,
          "Startup Cost": 27510.27,
          "Total Cost": 180920.27,
          "Plan Rows": 10227000,
          "Plan Width": 32,
          "Actual Startup Time": 1342.596,
          "Actual Total Time": 1362.675,
          "Actual Rows": 40472,
          "Actual Loops": 1,
          "Shared Hit Blocks": 436737,
          "Shared Read Blocks": 1655,
          "Shared Dirtied Blocks": 0,
          "Shared Written Blocks": 0,
          "Local Hit Blocks": 0,
          "Local Read Blocks": 0,
          "Local Dirtied Blocks": 0,
          "Local Written Blocks": 0,
          "Temp Read Blocks": 0,
          "Temp Written Blocks": 0,
          "Plans": [
            {
              "Node Type": "Subquery Scan",
              "Parent Relationship": "Member",
              "Parallel Aware": false,
              "Alias": "*SELECT* 1",
              "Startup Cost": 27510.27,
              "Total Cost": 180900.27,
              "Plan Rows": 10226000,
              "Plan Width": 32,
              "Actual Startup Time": 1342.596,
              "Actual Total Time": 1345.755,
              "Actual Rows": 3198,
              "Actual Loops": 1,
              "Output": ["\"*SELECT* 1\".node"],
              "Shared Hit Blocks": 436737,
              "Shared Read Blocks": 1655,
              "Shared Dirtied Blocks": 0,
              "Shared Written Blocks": 0,
              "Local Hit Blocks": 0,
              "Local Read Blocks": 0,
              "Local Dirtied Blocks": 0,
              "Local Written Blocks": 0,
              "Temp Read Blocks": 0,
              "Temp Written Blocks": 0,
              "Plans": [
                {
                  "Node Type": "Unique",
                  "Parent Relationship": "Subquery",
                  "Parallel Aware": false,
                  "Startup Cost": 27510.27,
                  "Total Cost": 78640.27,
                  "Plan Rows": 10226000,
                  "Plan Width": 40,
                  "Actual Startup Time": 1342.595,
                  "Actual Total Time": 1345.061,
                  "Actual Rows": 3198,
                  "Actual Loops": 1,
                  "Output": ["(get_node_by_id(c_1.node_id))", "c_1.node_id"],
                  "Shared Hit Blocks": 436737,
                  "Shared Read Blocks": 1655,
                  "Shared Dirtied Blocks": 0,
                  "Shared Written Blocks": 0,
                  "Local Hit Blocks": 0,
                  "Local Read Blocks": 0,
                  "Local Dirtied Blocks": 0,
                  "Local Written Blocks": 0,
                  "Temp Read Blocks": 0,
                  "Temp Written Blocks": 0,
                  "Plans": [
                    {
                      "Node Type": "Sort",
                      "Parent Relationship": "Outer",
                      "Parallel Aware": false,
                      "Startup Cost": 27510.27,
                      "Total Cost": 27535.84,
                      "Plan Rows": 10226,
                      "Plan Width": 40,
                      "Actual Startup Time": 1342.595,
                      "Actual Total Time": 1343.919,
                      "Actual Rows": 3596,
                      "Actual Loops": 1,
                      "Output": ["(get_node_by_id(c_1.node_id))", "c_1.node_id"],
                      "Sort Key": ["c_1.node_id"],
                      "Sort Method": "quicksort",
                      "Sort Space Used": 785,
                      "Sort Space Type": "Memory",
                      "Shared Hit Blocks": 436737,
                      "Shared Read Blocks": 1655,
                      "Shared Dirtied Blocks": 0,
                      "Shared Written Blocks": 0,
                      "Local Hit Blocks": 0,
                      "Local Read Blocks": 0,
                      "Local Dirtied Blocks": 0,
                      "Local Written Blocks": 0,
                      "Temp Read Blocks": 0,
                      "Temp Written Blocks": 0,
                      "Plans": [
                        {
                          "Node Type": "Hash Join",
                          "Parent Relationship": "Outer",
                          "Parallel Aware": false,
                          "Join Type": "Inner",
                          "Startup Cost": 21959.06,
                          "Total Cost": 26829.22,
                          "Plan Rows": 10226,
                          "Plan Width": 40,
                          "Actual Startup Time": 1145.343,
                          "Actual Total Time": 1340.970,
                          "Actual Rows": 3596,
                          "Actual Loops": 1,
                          "Output": ["get_node_by_id(c_1.node_id)", "c_1.node_id"],
                          "Hash Cond": "(w_1.id = c_1.way_id)",
                          "Shared Hit Blocks": 436737,
                          "Shared Read Blocks": 1655,
                          "Shared Dirtied Blocks": 0,
                          "Shared Written Blocks": 0,
                          "Local Hit Blocks": 0,
                          "Local Read Blocks": 0,
                          "Local Dirtied Blocks": 0,
                          "Local Written Blocks": 0,
                          "Temp Read Blocks": 0,
                          "Temp Written Blocks": 0,
                          "Plans": [
                            {
                              "Node Type": "CTE Scan",
                              "Parent Relationship": "Outer",
                              "Parallel Aware": false,
                              "CTE Name": "all_request_ways",
                              "Alias": "w_1",
                              "Startup Cost": 0.00,
                              "Total Cost": 34.12,
                              "Plan Rows": 1706,
                              "Plan Width": 8,
                              "Actual Startup Time": 556.315,
                              "Actual Total Time": 568.720,
                              "Actual Rows": 7725,
                              "Actual Loops": 1,
                              "Output": ["w_1.id"],
                              "Shared Hit Blocks": 385718,
                              "Shared Read Blocks": 0,
                              "Shared Dirtied Blocks": 0,
                              "Shared Written Blocks": 0,
                              "Local Hit Blocks": 0,
                              "Local Read Blocks": 0,
                              "Local Dirtied Blocks": 0,
                              "Local Written Blocks": 0,
                              "Temp Read Blocks": 0,
                              "Temp Written Blocks": 0
                            },
                            {
                              "Node Type": "Hash",
                              "Parent Relationship": "Inner",
                              "Parallel Aware": false,
                              "Startup Cost": 16501.21,
                              "Total Cost": 16501.21,
                              "Plan Rows": 436628,
                              "Plan Width": 16,
                              "Actual Startup Time": 585.778,
                              "Actual Total Time": 585.778,
                              "Actual Rows": 824913,
                              "Actual Loops": 1,
                              "Output": ["c_1.node_id", "c_1.way_id"],
                              "Hash Buckets": 1048576,
                              "Original Hash Buckets": 524288,
                              "Hash Batches": 1,
                              "Original Hash Batches": 1,
                              "Peak Memory Usage": 46860,
                              "Shared Hit Blocks": 3908,
                              "Shared Read Blocks": 1655,
                              "Shared Dirtied Blocks": 0,
                              "Shared Written Blocks": 0,
                              "Local Hit Blocks": 0,
                              "Local Read Blocks": 0,
                              "Local Dirtied Blocks": 0,
                              "Local Written Blocks": 0,
                              "Temp Read Blocks": 0,
                              "Temp Written Blocks": 0,
                              "Plans": [
                                {
                                  "Node Type": "Seq Scan",
                                  "Parent Relationship": "Outer",
                                  "Parallel Aware": false,
                                  "Relation Name": "current_way_nodes",
                                  "Schema": "public",
                                  "Alias": "c_1",
                                  "Startup Cost": 22.50,
                                  "Total Cost": 16501.21,
                                  "Plan Rows": 436628,
                                  "Plan Width": 16,
                                  "Actual Startup Time": 24.410,
                                  "Actual Total Time": 385.216,
                                  "Actual Rows": 824913,
                                  "Actual Loops": 1,
                                  "Output": ["c_1.node_id", "c_1.way_id"],
                                  "Filter": "(NOT (hashed SubPlan 4))",
                                  "Rows Removed by Filter": 48344,
                                  "Shared Hit Blocks": 3908,
                                  "Shared Read Blocks": 1655,
                                  "Shared Dirtied Blocks": 0,
                                  "Shared Written Blocks": 0,
                                  "Local Hit Blocks": 0,
                                  "Local Read Blocks": 0,
                                  "Local Dirtied Blocks": 0,
                                  "Local Written Blocks": 0,
                                  "Temp Read Blocks": 0,
                                  "Temp Written Blocks": 0,
                                  "Plans": [
                                    {
                                      "Node Type": "CTE Scan",
                                      "Parent Relationship": "SubPlan",
                                      "Subplan Name": "SubPlan 4",
                                      "Parallel Aware": false,
                                      "CTE Name": "direct_nodes",
                                      "Alias": "n_2",
                                      "Startup Cost": 0.00,
                                      "Total Cost": 20.00,
                                      "Plan Rows": 1000,
                                      "Plan Width": 8,
                                      "Actual Startup Time": 0.003,
                                      "Actual Total Time": 10.271,
                                      "Actual Rows": 37274,
                                      "Actual Loops": 1,
                                      "Output": ["(n_2.node).id"],
                                      "Shared Hit Blocks": 0,
                                      "Shared Read Blocks": 0,
                                      "Shared Dirtied Blocks": 0,
                                      "Shared Written Blocks": 0,
                                      "Local Hit Blocks": 0,
                                      "Local Read Blocks": 0,
                                      "Local Dirtied Blocks": 0,
                                      "Local Written Blocks": 0,
                                      "Temp Read Blocks": 0,
                                      "Temp Written Blocks": 0
                                    }
                                  ]
                                }
                              ]
                            }
                          ]
                        }
                      ]
                    }
                  ]
                }
              ]
            },
            {
              "Node Type": "CTE Scan",
              "Parent Relationship": "Member",
              "Parallel Aware": false,
              "CTE Name": "direct_nodes",
              "Alias": "n_3",
              "Startup Cost": 0.00,
              "Total Cost": 20.00,
              "Plan Rows": 1000,
              "Plan Width": 32,
              "Actual Startup Time": 0.001,
              "Actual Total Time": 11.393,
              "Actual Rows": 37274,
              "Actual Loops": 1,
              "Output": ["n_3.node"],
              "Shared Hit Blocks": 0,
              "Shared Read Blocks": 0,
              "Shared Dirtied Blocks": 0,
              "Shared Written Blocks": 0,
              "Local Hit Blocks": 0,
              "Local Read Blocks": 0,
              "Local Dirtied Blocks": 0,
              "Local Written Blocks": 0,
              "Temp Read Blocks": 0,
              "Temp Written Blocks": 0
            }
          ]
        },
        {
          "Node Type": "Unique",
          "Parent Relationship": "InitPlan",
          "Subplan Name": "CTE relations_from_ways_and_nodes",
          "Parallel Aware": false,
          "Startup Cost": 853026.08,
          "Total Cost": 853452.01,
          "Plan Rows": 1901,
          "Plan Width": 8,
          "Actual Startup Time": 61.254,
          "Actual Total Time": 61.582,
          "Actual Rows": 139,
          "Actual Loops": 1,
          "Output": ["m.relation_id"],
          "Shared Hit Blocks": 325,
          "Shared Read Blocks": 0,
          "Shared Dirtied Blocks": 0,
          "Shared Written Blocks": 0,
          "Local Hit Blocks": 0,
          "Local Read Blocks": 0,
          "Local Dirtied Blocks": 0,
          "Local Written Blocks": 0,
          "Temp Read Blocks": 0,
          "Temp Written Blocks": 0,
          "Plans": [
            {
              "Node Type": "Sort",
              "Parent Relationship": "Outer",
              "Parallel Aware": false,
              "Startup Cost": 853026.08,
              "Total Cost": 853239.04,
              "Plan Rows": 85186,
              "Plan Width": 8,
              "Actual Startup Time": 61.253,
              "Actual Total Time": 61.427,
              "Actual Rows": 1219,
              "Actual Loops": 1,
              "Output": ["m.relation_id"],
              "Sort Key": ["m.relation_id"],
              "Sort Method": "quicksort",
              "Sort Space Used": 106,
              "Sort Space Type": "Memory",
              "Shared Hit Blocks": 325,
              "Shared Read Blocks": 0,
              "Shared Dirtied Blocks": 0,
              "Shared Written Blocks": 0,
              "Local Hit Blocks": 0,
              "Local Read Blocks": 0,
              "Local Dirtied Blocks": 0,
              "Local Written Blocks": 0,
              "Temp Read Blocks": 0,
              "Temp Written Blocks": 0,
              "Plans": [
                {
                  "Node Type": "Hash Join",
                  "Parent Relationship": "Outer",
                  "Parallel Aware": false,
                  "Join Type": "Inner",
                  "Startup Cost": 1329.95,
                  "Total Cost": 846050.05,
                  "Plan Rows": 85186,
                  "Plan Width": 8,
                  "Actual Startup Time": 24.173,
                  "Actual Total Time": 60.776,
                  "Actual Rows": 1219,
                  "Actual Loops": 1,
                  "Output": ["m.relation_id"],
                  "Hash Cond": "((all_request_ways.id = m.member_id) AND (('Way'::nwr_enum) = m.member_type))",
                  "Shared Hit Blocks": 325,
                  "Shared Read Blocks": 0,
                  "Shared Dirtied Blocks": 0,
                  "Shared Written Blocks": 0,
                  "Local Hit Blocks": 0,
                  "Local Read Blocks": 0,
                  "Local Dirtied Blocks": 0,
                  "Local Written Blocks": 0,
                  "Temp Read Blocks": 0,
                  "Temp Written Blocks": 0,
                  "Plans": [
                    {
                      "Node Type": "Append",
                      "Parent Relationship": "Outer",
                      "Parallel Aware": false,
                      "Startup Cost": 0.00,
                      "Total Cost": 204574.12,
                      "Plan Rows": 10228706,
                      "Plan Width": 12,
                      "Actual Startup Time": 0.002,
                      "Actual Total Time": 21.694,
                      "Actual Rows": 48197,
                      "Actual Loops": 1,
                      "Shared Hit Blocks": 0,
                      "Shared Read Blocks": 0,
                      "Shared Dirtied Blocks": 0,
                      "Shared Written Blocks": 0,
                      "Local Hit Blocks": 0,
                      "Local Read Blocks": 0,
                      "Local Dirtied Blocks": 0,
                      "Local Written Blocks": 0,
                      "Temp Read Blocks": 0,
                      "Temp Written Blocks": 0,
                      "Plans": [
                        {
                          "Node Type": "CTE Scan",
                          "Parent Relationship": "Member",
                          "Parallel Aware": false,
                          "CTE Name": "all_request_ways",
                          "Alias": "all_request_ways",
                          "Startup Cost": 0.00,
                          "Total Cost": 34.12,
                          "Plan Rows": 1706,
                          "Plan Width": 12,
                          "Actual Startup Time": 0.002,
                          "Actual Total Time": 1.610,
                          "Actual Rows": 7725,
                          "Actual Loops": 1,
                          "Output": ["all_request_ways.id", "'Way'::nwr_enum"],
                          "Shared Hit Blocks": 0,
                          "Shared Read Blocks": 0,
                          "Shared Dirtied Blocks": 0,
                          "Shared Written Blocks": 0,
                          "Local Hit Blocks": 0,
                          "Local Read Blocks": 0,
                          "Local Dirtied Blocks": 0,
                          "Local Written Blocks": 0,
                          "Temp Read Blocks": 0,
                          "Temp Written Blocks": 0
                        },
                        {
                          "Node Type": "CTE Scan",
                          "Parent Relationship": "Member",
                          "Parallel Aware": false,
                          "CTE Name": "all_request_nodes",
                          "Alias": "n_4",
                          "Startup Cost": 0.00,
                          "Total Cost": 204540.00,
                          "Plan Rows": 10227000,
                          "Plan Width": 12,
                          "Actual Startup Time": 0.003,
                          "Actual Total Time": 15.028,
                          "Actual Rows": 40472,
                          "Actual Loops": 1,
                          "Output": ["(n_4.node).id", "'Node'::nwr_enum"],
                          "Shared Hit Blocks": 0,
                          "Shared Read Blocks": 0,
                          "Shared Dirtied Blocks": 0,
                          "Shared Written Blocks": 0,
                          "Local Hit Blocks": 0,
                          "Local Read Blocks": 0,
                          "Local Dirtied Blocks": 0,
                          "Local Written Blocks": 0,
                          "Temp Read Blocks": 0,
                          "Temp Written Blocks": 0
                        }
                      ]
                    },
                    {
                      "Node Type": "Hash",
                      "Parent Relationship": "Inner",
                      "Parallel Aware": false,
                      "Startup Cost": 725.18,
                      "Total Cost": 725.18,
                      "Plan Rows": 40318,
                      "Plan Width": 20,
                      "Actual Startup Time": 23.892,
                      "Actual Total Time": 23.892,
                      "Actual Rows": 40318,
                      "Actual Loops": 1,
                      "Output": ["m.relation_id", "m.member_id", "m.member_type"],
                      "Hash Buckets": 65536,
                      "Original Hash Buckets": 65536,
                      "Hash Batches": 1,
                      "Original Hash Batches": 1,
                      "Peak Memory Usage": 2560,
                      "Shared Hit Blocks": 322,
                      "Shared Read Blocks": 0,
                      "Shared Dirtied Blocks": 0,
                      "Shared Written Blocks": 0,
                      "Local Hit Blocks": 0,
                      "Local Read Blocks": 0,
                      "Local Dirtied Blocks": 0,
                      "Local Written Blocks": 0,
                      "Temp Read Blocks": 0,
                      "Temp Written Blocks": 0,
                      "Plans": [
                        {
                          "Node Type": "Seq Scan",
                          "Parent Relationship": "Outer",
                          "Parallel Aware": false,
                          "Relation Name": "current_relation_members",
                          "Schema": "public",
                          "Alias": "m",
                          "Startup Cost": 0.00,
                          "Total Cost": 725.18,
                          "Plan Rows": 40318,
                          "Plan Width": 20,
                          "Actual Startup Time": 0.011,
                          "Actual Total Time": 8.990,
                          "Actual Rows": 40318,
                          "Actual Loops": 1,
                          "Output": ["m.relation_id", "m.member_id", "m.member_type"],
                          "Shared Hit Blocks": 322,
                          "Shared Read Blocks": 0,
                          "Shared Dirtied Blocks": 0,
                          "Shared Written Blocks": 0,
                          "Local Hit Blocks": 0,
                          "Local Read Blocks": 0,
                          "Local Dirtied Blocks": 0,
                          "Local Written Blocks": 0,
                          "Temp Read Blocks": 0,
                          "Temp Written Blocks": 0
                        }
                      ]
                    }
                  ]
                }
              ]
            }
          ]
        },
        {
          "Node Type": "Aggregate",
          "Strategy": "Hashed",
          "Partial Mode": "Simple",
          "Parent Relationship": "InitPlan",
          "Subplan Name": "CTE all_request_relations",
          "Parallel Aware": false,
          "Startup Cost": 520.00,
          "Total Cost": 539.52,
          "Plan Rows": 1952,
          "Plan Width": 8,
          "Actual Startup Time": 62.244,
          "Actual Total Time": 62.273,
          "Actual Rows": 143,
          "Actual Loops": 1,
          "Output": ["r_1.id"],
          "Group Key": ["r_1.id"],
          "Shared Hit Blocks": 346,
          "Shared Read Blocks": 0,
          "Shared Dirtied Blocks": 0,
          "Shared Written Blocks": 0,
          "Local Hit Blocks": 0,
          "Local Read Blocks": 0,
          "Local Dirtied Blocks": 0,
          "Local Written Blocks": 0,
          "Temp Read Blocks": 0,
          "Temp Written Blocks": 0,
          "Plans": [
            {
              "Node Type": "Append",
              "Parent Relationship": "Outer",
              "Parallel Aware": false,
              "Startup Cost": 0.00,
              "Total Cost": 515.12,
              "Plan Rows": 1952,
              "Plan Width": 8,
              "Actual Startup Time": 61.256,
              "Actual Total Time": 62.166,
              "Actual Rows": 191,
              "Actual Loops": 1,
              "Shared Hit Blocks": 346,
              "Shared Read Blocks": 0,
              "Shared Dirtied Blocks": 0,
              "Shared Written Blocks": 0,
              "Local Hit Blocks": 0,
              "Local Read Blocks": 0,
              "Local Dirtied Blocks": 0,
              "Local Written Blocks": 0,
              "Temp Read Blocks": 0,
              "Temp Written Blocks": 0,
              "Plans": [
                {
                  "Node Type": "CTE Scan",
                  "Parent Relationship": "Member",
                  "Parallel Aware": false,
                  "CTE Name": "relations_from_ways_and_nodes",
                  "Alias": "r_1",
                  "Startup Cost": 0.00,
                  "Total Cost": 38.02,
                  "Plan Rows": 1901,
                  "Plan Width": 8,
                  "Actual Startup Time": 61.256,
                  "Actual Total Time": 61.621,
                  "Actual Rows": 139,
                  "Actual Loops": 1,
                  "Output": ["r_1.id"],
                  "Shared Hit Blocks": 325,
                  "Shared Read Blocks": 0,
                  "Shared Dirtied Blocks": 0,
                  "Shared Written Blocks": 0,
                  "Local Hit Blocks": 0,
                  "Local Read Blocks": 0,
                  "Local Dirtied Blocks": 0,
                  "Local Written Blocks": 0,
                  "Temp Read Blocks": 0,
                  "Temp Written Blocks": 0
                },
                {
                  "Node Type": "Hash Join",
                  "Parent Relationship": "Member",
                  "Parallel Aware": false,
                  "Join Type": "Inner",
                  "Startup Cost": 359.64,
                  "Total Cost": 457.58,
                  "Plan Rows": 51,
                  "Plan Width": 8,
                  "Actual Startup Time": 0.469,
                  "Actual Total Time": 0.525,
                  "Actual Rows": 52,
                  "Actual Loops": 1,
                  "Output": ["rm.relation_id"],
                  "Hash Cond": "(r2.id = rm.member_id)",
                  "Shared Hit Blocks": 21,
                  "Shared Read Blocks": 0,
                  "Shared Dirtied Blocks": 0,
                  "Shared Written Blocks": 0,
                  "Local Hit Blocks": 0,
                  "Local Read Blocks": 0,
                  "Local Dirtied Blocks": 0,
                  "Local Written Blocks": 0,
                  "Temp Read Blocks": 0,
                  "Temp Written Blocks": 0,
                  "Plans": [
                    {
                      "Node Type": "CTE Scan",
                      "Parent Relationship": "Outer",
                      "Parallel Aware": false,
                      "CTE Name": "relations_from_ways_and_nodes",
                      "Alias": "r2",
                      "Startup Cost": 0.00,
                      "Total Cost": 38.02,
                      "Plan Rows": 1901,
                      "Plan Width": 8,
                      "Actual Startup Time": 0.000,
                      "Actual Total Time": 0.017,
                      "Actual Rows": 139,
                      "Actual Loops": 1,
                      "Output": ["r2.id"],
                      "Shared Hit Blocks": 0,
                      "Shared Read Blocks": 0,
                      "Shared Dirtied Blocks": 0,
                      "Shared Written Blocks": 0,
                      "Local Hit Blocks": 0,
                      "Local Read Blocks": 0,
                      "Local Dirtied Blocks": 0,
                      "Local Written Blocks": 0,
                      "Temp Read Blocks": 0,
                      "Temp Written Blocks": 0
                    },
                    {
                      "Node Type": "Hash",
                      "Parent Relationship": "Inner",
                      "Parallel Aware": false,
                      "Startup Cost": 351.49,
                      "Total Cost": 351.49,
                      "Plan Rows": 652,
                      "Plan Width": 16,
                      "Actual Startup Time": 0.439,
                      "Actual Total Time": 0.439,
                      "Actual Rows": 649,
                      "Actual Loops": 1,
                      "Output": ["rm.relation_id", "rm.member_id"],
                      "Hash Buckets": 1024,
                      "Original Hash Buckets": 1024,
                      "Hash Batches": 1,
                      "Original Hash Batches": 1,
                      "Peak Memory Usage": 39,
                      "Shared Hit Blocks": 21,
                      "Shared Read Blocks": 0,
                      "Shared Dirtied Blocks": 0,
                      "Shared Written Blocks": 0,
                      "Local Hit Blocks": 0,
                      "Local Read Blocks": 0,
                      "Local Dirtied Blocks": 0,
                      "Local Written Blocks": 0,
                      "Temp Read Blocks": 0,
                      "Temp Written Blocks": 0,
                      "Plans": [
                        {
                          "Node Type": "Bitmap Heap Scan",
                          "Parent Relationship": "Outer",
                          "Parallel Aware": false,
                          "Relation Name": "current_relation_members",
                          "Schema": "public",
                          "Alias": "rm",
                          "Startup Cost": 21.34,
                          "Total Cost": 351.49,
                          "Plan Rows": 652,
                          "Plan Width": 16,
                          "Actual Startup Time": 0.092,
                          "Actual Total Time": 0.278,
                          "Actual Rows": 649,
                          "Actual Loops": 1,
                          "Output": ["rm.relation_id", "rm.member_id"],
                          "Recheck Cond": "(rm.member_type = 'Relation'::nwr_enum)",
                          "Rows Removed by Index Recheck": 0,
                          "Exact Heap Blocks": 16,
                          "Lossy Heap Blocks": 0,
                          "Shared Hit Blocks": 21,
                          "Shared Read Blocks": 0,
                          "Shared Dirtied Blocks": 0,
                          "Shared Written Blocks": 0,
                          "Local Hit Blocks": 0,
                          "Local Read Blocks": 0,
                          "Local Dirtied Blocks": 0,
                          "Local Written Blocks": 0,
                          "Temp Read Blocks": 0,
                          "Temp Written Blocks": 0,
                          "Plans": [
                            {
                              "Node Type": "Bitmap Index Scan",
                              "Parent Relationship": "Outer",
                              "Parallel Aware": false,
                              "Index Name": "current_relation_members_member_idx",
                              "Startup Cost": 0.00,
                              "Total Cost": 21.18,
                              "Plan Rows": 652,
                              "Plan Width": 0,
                              "Actual Startup Time": 0.082,
                              "Actual Total Time": 0.082,
                              "Actual Rows": 649,
                              "Actual Loops": 1,
                              "Index Cond": "(rm.member_type = 'Relation'::nwr_enum)",
                              "Shared Hit Blocks": 5,
                              "Shared Read Blocks": 0,
                              "Shared Dirtied Blocks": 0,
                              "Shared Written Blocks": 0,
                              "Local Hit Blocks": 0,
                              "Local Read Blocks": 0,
                              "Local Dirtied Blocks": 0,
                              "Local Written Blocks": 0,
                              "Temp Read Blocks": 0,
                              "Temp Written Blocks": 0
                            }
                          ]
                        }
                      ]
                    }
                  ]
                }
              ]
            }
          ]
        },
        {
          "Node Type": "Result",
          "Parent Relationship": "Member",
          "Parallel Aware": false,
          "Startup Cost": 0.00,
          "Total Cost": 0.01,
          "Plan Rows": 1,
          "Plan Width": 32,
          "Actual Startup Time": 0.001,
          "Actual Total Time": 0.001,
          "Actual Rows": 1,
          "Actual Loops": 1,
          "Output": ["'<?xml version=\"1.0\" encoding=\"UTF-8\"?><osm version=\"0.6\" generator=\"FastMAP\" copyright=\"OpenStreetMap and contributors\" attribution=\"http://www.openstreetmap.org/copyright\" license=\"http://opendatacommons.org/licenses/odbl/1-0/\">'::text"],
          "Shared Hit Blocks": 0,
          "Shared Read Blocks": 0,
          "Shared Dirtied Blocks": 0,
          "Shared Written Blocks": 0,
          "Local Hit Blocks": 0,
          "Local Read Blocks": 0,
          "Local Dirtied Blocks": 0,
          "Local Written Blocks": 0,
          "Temp Read Blocks": 0,
          "Temp Written Blocks": 0
        },
        {
          "Node Type": "CTE Scan",
          "Parent Relationship": "Member",
          "Parallel Aware": false,
          "CTE Name": "params",
          "Alias": "p",
          "Startup Cost": 0.00,
          "Total Cost": 0.02,
          "Plan Rows": 1,
          "Plan Width": 32,
          "Actual Startup Time": 0.089,
          "Actual Total Time": 0.089,
          "Actual Rows": 1,
          "Actual Loops": 1,
          "Output": ["(XMLELEMENT(NAME bounds, XMLATTRIBUTES(p.minlat AS minlat, p.minlon AS minlon, p.maxlat AS maxlat, p.maxlon AS maxlon)))::text"],
          "Shared Hit Blocks": 0,
          "Shared Read Blocks": 0,
          "Shared Dirtied Blocks": 0,
          "Shared Written Blocks": 0,
          "Local Hit Blocks": 0,
          "Local Read Blocks": 0,
          "Local Dirtied Blocks": 0,
          "Local Written Blocks": 0,
          "Temp Read Blocks": 0,
          "Temp Written Blocks": 0
        },
        {
          "Node Type": "Subquery Scan",
          "Parent Relationship": "Member",
          "Parallel Aware": false,
          "Alias": "nodes",
          "Startup Cost": 4079850.96,
          "Total Cost": 4207688.46,
          "Plan Rows": 10227000,
          "Plan Width": 32,
          "Actual Startup Time": 2554.287,
          "Actual Total Time": 2562.811,
          "Actual Rows": 40472,
          "Actual Loops": 1,
          "Output": ["(nodes.line)::text"],
          "Shared Hit Blocks": 436743,
          "Shared Read Blocks": 1655,
          "Shared Dirtied Blocks": 0,
          "Shared Written Blocks": 0,
          "Local Hit Blocks": 0,
          "Local Read Blocks": 0,
          "Local Dirtied Blocks": 0,
          "Local Written Blocks": 0,
          "Temp Read Blocks": 0,
          "Temp Written Blocks": 0,
          "Plans": [
            {
              "Node Type": "Sort",
              "Parent Relationship": "Subquery",
              "Parallel Aware": false,
              "Startup Cost": 4079850.96,
              "Total Cost": 4105418.46,
              "Plan Rows": 10227000,
              "Plan Width": 40,
              "Actual Startup Time": 2554.286,
              "Actual Total Time": 2557.685,
              "Actual Rows": 40472,
              "Actual Loops": 1,
              "Output": ["(XMLELEMENT(NAME node, XMLATTRIBUTES((n.node).id AS id, (n.node).visible AS visible, (n.node).version AS version, (n.node).changeset AS changeset, to_char((n.node).\"timestamp\", 'YYYY-MM-DD\"T\"HH24:MI:SS\"Z\"'::text) AS \"timestamp\", (n.node).\"user\" AS \"user\", (n.node).uid AS uid, ((n.node).lat)::numeric(10,7) AS lat, ((n.node).lon)::numeric(10,7) AS lon), ((n.node).tags)::xml))", "((n.node).id)"],
              "Sort Key": ["((n.node).id)"],
              "Sort Method": "quicksort",
              "Sort Space Used": 12698,
              "Sort Space Type": "Memory",
              "Shared Hit Blocks": 436743,
              "Shared Read Blocks": 1655,
              "Shared Dirtied Blocks": 0,
              "Shared Written Blocks": 0,
              "Local Hit Blocks": 0,
              "Local Read Blocks": 0,
              "Local Dirtied Blocks": 0,
              "Local Written Blocks": 0,
              "Temp Read Blocks": 0,
              "Temp Written Blocks": 0,
              "Plans": [
                {
                  "Node Type": "CTE Scan",
                  "Parent Relationship": "Outer",
                  "Parallel Aware": false,
                  "CTE Name": "all_request_nodes",
                  "Alias": "n",
                  "Startup Cost": 0.00,
                  "Total Cost": 2889127.50,
                  "Plan Rows": 10227000,
                  "Plan Width": 40,
                  "Actual Startup Time": 1342.872,
                  "Actual Total Time": 2530.244,
                  "Actual Rows": 40472,
                  "Actual Loops": 1,
                  "Output": ["XMLELEMENT(NAME node, XMLATTRIBUTES((n.node).id AS id, (n.node).visible AS visible, (n.node).version AS version, (n.node).changeset AS changeset, to_char((n.node).\"timestamp\", 'YYYY-MM-DD\"T\"HH24:MI:SS\"Z\"'::text) AS \"timestamp\", (n.node).\"user\" AS \"user\", (n.node).uid AS uid, ((n.node).lat)::numeric(10,7) AS lat, ((n.node).lon)::numeric(10,7) AS lon), ((n.node).tags)::xml)", "(n.node).id"],
                  "Shared Hit Blocks": 436740,
                  "Shared Read Blocks": 1655,
                  "Shared Dirtied Blocks": 0,
                  "Shared Written Blocks": 0,
                  "Local Hit Blocks": 0,
                  "Local Read Blocks": 0,
                  "Local Dirtied Blocks": 0,
                  "Local Written Blocks": 0,
                  "Temp Read Blocks": 0,
                  "Temp Written Blocks": 0
                }
              ]
            }
          ]
        },
        {
          "Node Type": "Subquery Scan",
          "Parent Relationship": "Member",
          "Parallel Aware": false,
          "Alias": "ways",
          "Startup Cost": 125.70,
          "Total Cost": 26581.50,
          "Plan Rows": 1706000,
          "Plan Width": 32,
          "Actual Startup Time": 2.973,
          "Actual Total Time": 1584.334,
          "Actual Rows": 7725,
          "Actual Loops": 1,
          "Output": ["(ways.line)::text"],
          "Shared Hit Blocks": 132284,
          "Shared Read Blocks": 0,
          "Shared Dirtied Blocks": 0,
          "Shared Written Blocks": 0,
          "Local Hit Blocks": 0,
          "Local Read Blocks": 0,
          "Local Dirtied Blocks": 0,
          "Local Written Blocks": 0,
          "Temp Read Blocks": 0,
          "Temp Written Blocks": 0,
          "Plans": [
            {
              "Node Type": "Result",
              "Parent Relationship": "Subquery",
              "Parallel Aware": false,
              "Startup Cost": 125.70,
              "Total Cost": 9521.50,
              "Plan Rows": 1706000,
              "Plan Width": 40,
              "Actual Startup Time": 2.973,
              "Actual Total Time": 1581.122,
              "Actual Rows": 7725,
              "Actual Loops": 1,
              "Output": ["(get_way_by_id(w.id))::xml", "w.id"],
              "Shared Hit Blocks": 132284,
              "Shared Read Blocks": 0,
              "Shared Dirtied Blocks": 0,
              "Shared Written Blocks": 0,
              "Local Hit Blocks": 0,
              "Local Read Blocks": 0,
              "Local Dirtied Blocks": 0,
              "Local Written Blocks": 0,
              "Temp Read Blocks": 0,
              "Temp Written Blocks": 0,
              "Plans": [
                {
                  "Node Type": "Sort",
                  "Parent Relationship": "Outer",
                  "Parallel Aware": false,
                  "Startup Cost": 125.70,
                  "Total Cost": 129.97,
                  "Plan Rows": 1706,
                  "Plan Width": 8,
                  "Actual Startup Time": 1.158,
                  "Actual Total Time": 4.178,
                  "Actual Rows": 7725,
                  "Actual Loops": 1,
                  "Output": ["w.id"],
                  "Sort Key": ["w.id"],
                  "Sort Method": "quicksort",
                  "Sort Space Used": 555,
                  "Sort Space Type": "Memory",
                  "Shared Hit Blocks": 0,
                  "Shared Read Blocks": 0,
                  "Shared Dirtied Blocks": 0,
                  "Shared Written Blocks": 0,
                  "Local Hit Blocks": 0,
                  "Local Read Blocks": 0,
                  "Local Dirtied Blocks": 0,
                  "Local Written Blocks": 0,
                  "Temp Read Blocks": 0,
                  "Temp Written Blocks": 0,
                  "Plans": [
                    {
                      "Node Type": "CTE Scan",
                      "Parent Relationship": "Outer",
                      "Parallel Aware": false,
                      "CTE Name": "all_request_ways",
                      "Alias": "w",
                      "Startup Cost": 0.00,
                      "Total Cost": 34.12,
                      "Plan Rows": 1706,
                      "Plan Width": 8,
                      "Actual Startup Time": 0.004,
                      "Actual Total Time": 0.577,
                      "Actual Rows": 7725,
                      "Actual Loops": 1,
                      "Output": ["w.id"],
                      "Shared Hit Blocks": 0,
                      "Shared Read Blocks": 0,
                      "Shared Dirtied Blocks": 0,
                      "Shared Written Blocks": 0,
                      "Local Hit Blocks": 0,
                      "Local Read Blocks": 0,
                      "Local Dirtied Blocks": 0,
                      "Local Written Blocks": 0,
                      "Temp Read Blocks": 0,
                      "Temp Written Blocks": 0
                    }
                  ]
                }
              ]
            }
          ]
        },
        {
          "Node Type": "Subquery Scan",
          "Parent Relationship": "Member",
          "Parallel Aware": false,
          "Alias": "relations",
          "Startup Cost": 145.72,
          "Total Cost": 30416.36,
          "Plan Rows": 1952000,
          "Plan Width": 32,
          "Actual Startup Time": 65.775,
          "Actual Total Time": 154.198,
          "Actual Rows": 143,
          "Actual Loops": 1,
          "Output": ["(relations.line)::text"],
          "Shared Hit Blocks": 3621,
          "Shared Read Blocks": 0,
          "Shared Dirtied Blocks": 0,
          "Shared Written Blocks": 0,
          "Local Hit Blocks": 0,
          "Local Read Blocks": 0,
          "Local Dirtied Blocks": 0,
          "Local Written Blocks": 0,
          "Temp Read Blocks": 0,
          "Temp Written Blocks": 0,
          "Plans": [
            {
              "Node Type": "Result",
              "Parent Relationship": "Subquery",
              "Parallel Aware": false,
              "Startup Cost": 145.72,
              "Total Cost": 10896.36,
              "Plan Rows": 1952000,
              "Plan Width": 40,
              "Actual Startup Time": 65.775,
              "Actual Total Time": 154.117,
              "Actual Rows": 143,
              "Actual Loops": 1,
              "Output": ["(get_relation_by_id(r.id))::xml", "r.id"],
              "Shared Hit Blocks": 3621,
              "Shared Read Blocks": 0,
              "Shared Dirtied Blocks": 0,
              "Shared Written Blocks": 0,
              "Local Hit Blocks": 0,
              "Local Read Blocks": 0,
              "Local Dirtied Blocks": 0,
              "Local Written Blocks": 0,
              "Temp Read Blocks": 0,
              "Temp Written Blocks": 0,
              "Plans": [
                {
                  "Node Type": "Sort",
                  "Parent Relationship": "Outer",
                  "Parallel Aware": false,
                  "Startup Cost": 145.72,
                  "Total Cost": 150.60,
                  "Plan Rows": 1952,
                  "Plan Width": 8,
                  "Actual Startup Time": 62.365,
                  "Actual Total Time": 62.444,
                  "Actual Rows": 143,
                  "Actual Loops": 1,
                  "Output": ["r.id"],
                  "Sort Key": ["r.id"],
                  "Sort Method": "quicksort",
                  "Sort Space Used": 31,
                  "Sort Space Type": "Memory",
                  "Shared Hit Blocks": 346,
                  "Shared Read Blocks": 0,
                  "Shared Dirtied Blocks": 0,
                  "Shared Written Blocks": 0,
                  "Local Hit Blocks": 0,
                  "Local Read Blocks": 0,
                  "Local Dirtied Blocks": 0,
                  "Local Written Blocks": 0,
                  "Temp Read Blocks": 0,
                  "Temp Written Blocks": 0,
                  "Plans": [
                    {
                      "Node Type": "CTE Scan",
                      "Parent Relationship": "Outer",
                      "Parallel Aware": false,
                      "CTE Name": "all_request_relations",
                      "Alias": "r",
                      "Startup Cost": 0.00,
                      "Total Cost": 39.04,
                      "Plan Rows": 1952,
                      "Plan Width": 8,
                      "Actual Startup Time": 62.246,
                      "Actual Total Time": 62.327,
                      "Actual Rows": 143,
                      "Actual Loops": 1,
                      "Output": ["r.id"],
                      "Shared Hit Blocks": 346,
                      "Shared Read Blocks": 0,
                      "Shared Dirtied Blocks": 0,
                      "Shared Written Blocks": 0,
                      "Local Hit Blocks": 0,
                      "Local Read Blocks": 0,
                      "Local Dirtied Blocks": 0,
                      "Local Written Blocks": 0,
                      "Temp Read Blocks": 0,
                      "Temp Written Blocks": 0
                    }
                  ]
                }
              ]
            }
          ]
        },
        {
          "Node Type": "Result",
          "Parent Relationship": "Member",
          "Parallel Aware": false,
          "Startup Cost": 0.00,
          "Total Cost": 0.01,
          "Plan Rows": 1,
          "Plan Width": 32,
          "Actual Startup Time": 0.004,
          "Actual Total Time": 0.004,
          "Actual Rows": 1,
          "Actual Loops": 1,
          "Output": ["'</osm>'::text"],
          "Shared Hit Blocks": 0,
          "Shared Read Blocks": 0,
          "Shared Dirtied Blocks": 0,
          "Shared Written Blocks": 0,
          "Local Hit Blocks": 0,
          "Local Read Blocks": 0,
          "Local Dirtied Blocks": 0,
          "Local Written Blocks": 0,
          "Temp Read Blocks": 0,
          "Temp Written Blocks": 0
        }
      ]
    },
    "Planning Time": 2.333,
    "Triggers": [
    ],
    "Execution Time": 4313.617
  }
]
